<?xml version="1.0" ?>
<coverage branch-rate="0" branches-covered="0" branches-valid="0" complexity="0" line-rate="1" lines-covered="6" lines-valid="6" timestamp="1709681331165" version="7.2.7">
	<!-- Generated by coverage.py: https://coverage.readthedocs.io/en/7.2.7 -->
	<!-- Based on https://raw.githubusercontent.com/cobertura/web/master/htdocs/xml/coverage-04.dtd -->
	<sources>
		<source>C:\Users\abcd\Desktop\segitiga</source>
	</sources>
	<packages>
		<package branch-rate="0" complexity="0" line-rate="1" name=".tox.coverage.Lib.site-packages.segitiga">
			<classes>
				<class branch-rate="0" complexity="0" filename=".tox/coverage/Lib/site-packages/segitiga/__init__.py" line-rate="1" name="__init__.py">
					<methods/>
					<lines/>
				</class>
				<class branch-rate="0" complexity="0" filename=".tox/coverage/Lib/site-packages/segitiga/segitiga.py" line-rate="1" name="segitiga.py">
					<methods/>
					<lines>
						<line hits="1" number="1"/>
						<line hits="1" number="2"/>
						<line hits="1" number="3"/>
						<line hits="1" number="4"/>
						<line hits="1" number="6"/>
						<line hits="1" number="7"/>
					</lines>
				</class>
				<class branch-rate="0" complexity="0" filename=".tox/coverage/Lib/site-packages/segitiga/utils.py" line-rate="1" name="utils.py">
					<methods/>
					<lines/>
				</class>
			</classes>
		</package>
	</packages>
</coverage>
